<?xml version="1.0" encoding="UTF-8"?>
<robot generator="Robot 7.4.1 (Python 3.12.6 on win32)" generated="2026-02-06T20:29:12.435667" rpa="false" schemaversion="5">
<suite id="s1" name="Student Login" source="C:\Users\Saharsh\Desktop\lab_equipment_management\robot_test\tests\student_login.robot">
<test id="s1-t1" name="Valid Student Login" line="5">
<kw name="Open Application" owner="keywords">
<kw name="Open Browser" owner="SeleniumLibrary">
<msg time="2026-02-06T20:29:12.595258" level="INFO">Opening browser 'chrome' to base url 'http://localhost:3000'.</msg>
<msg time="2026-02-06T20:29:12.658897" level="WARN">The chromedriver version (143.0.7499.192) detected in PATH at C:\WINDOWS\chromedriver.exe might not be compatible with the detected chrome version (144.0.7559.133); currently, chromedriver 144.0.7559.133 is recommended for chrome 144.*, so it is advised to delete the driver in PATH and retry</msg>
<arg>${BASE_URL}</arg>
<arg>${BROWSER}</arg>
<doc>Opens a new browser instance to the optional ``url``.</doc>
<status status="PASS" start="2026-02-06T20:29:12.595258" elapsed="1.243786"/>
</kw>
<kw name="Maximize Browser Window" owner="SeleniumLibrary">
<doc>Maximizes current browser window.</doc>
<status status="PASS" start="2026-02-06T20:29:13.839044" elapsed="0.026489"/>
</kw>
<status status="PASS" start="2026-02-06T20:29:12.594259" elapsed="1.271274"/>
</kw>
<kw name="Student Login" owner="keywords">
<kw name="Go To" owner="SeleniumLibrary">
<msg time="2026-02-06T20:29:13.866495" level="INFO">Opening url 'http://localhost:3000/student-login'</msg>
<arg>${BASE_URL}/student-login</arg>
<doc>Navigates the current browser window to the provided ``url``.</doc>
<status status="PASS" start="2026-02-06T20:29:13.865533" elapsed="0.038020"/>
</kw>
<kw name="Input Text" owner="SeleniumLibrary">
<msg time="2026-02-06T20:29:13.904551" level="INFO">Typing text 'narmadha@gmail.com' into text field 'name=email'.</msg>
<arg>name=email</arg>
<arg>${STUDENT_EMAIL}</arg>
<doc>Types the given ``text`` into the text field identified by ``locator``.</doc>
<status status="PASS" start="2026-02-06T20:29:13.904551" elapsed="0.150508"/>
</kw>
<kw name="Input Text" owner="SeleniumLibrary">
<msg time="2026-02-06T20:29:14.055059" level="INFO">Typing text '23MIS0084' into text field 'name=password'.</msg>
<arg>name=password</arg>
<arg>${STUDENT_PASSWORD}</arg>
<doc>Types the given ``text`` into the text field identified by ``locator``.</doc>
<status status="PASS" start="2026-02-06T20:29:14.055059" elapsed="0.063733"/>
</kw>
<kw name="Click Button" owner="SeleniumLibrary">
<msg time="2026-02-06T20:29:14.118792" level="INFO">Clicking button 'xpath=//button[text()='Login']'.</msg>
<arg>xpath=//button[text()='Login']</arg>
<doc>Clicks the button identified by ``locator``.</doc>
<status status="PASS" start="2026-02-06T20:29:14.118792" elapsed="0.084519"/>
</kw>
<status status="PASS" start="2026-02-06T20:29:13.865533" elapsed="0.339137"/>
</kw>
<kw name="Page Should Contain" owner="SeleniumLibrary">
<msg time="2026-02-06T20:29:14.390177" level="INFO">Current page contains text 'Welcome'.</msg>
<arg>Welcome</arg>
<doc>Verifies that current page contains ``text``.</doc>
<status status="PASS" start="2026-02-06T20:29:14.204670" elapsed="0.185507"/>
</kw>
<kw name="Close Application" owner="keywords">
<kw name="Close Browser" owner="SeleniumLibrary">
<doc>Closes the current browser.</doc>
<status status="PASS" start="2026-02-06T20:29:14.391176" elapsed="2.197311"/>
</kw>
<status status="PASS" start="2026-02-06T20:29:14.390177" elapsed="2.199333"/>
</kw>
<status status="PASS" start="2026-02-06T20:29:12.594259" elapsed="3.996250"/>
</test>
<status status="PASS" start="2026-02-06T20:29:12.436675" elapsed="4.154841"/>
</suite>
<statistics>
<total>
<stat pass="1" fail="0" skip="0">All Tests</stat>
</total>
<tag>
</tag>
<suite>
<stat name="Student Login" id="s1" pass="1" fail="0" skip="0">Student Login</stat>
</suite>
</statistics>
<errors>
<msg time="2026-02-06T20:29:12.658897" level="WARN">The chromedriver version (143.0.7499.192) detected in PATH at C:\WINDOWS\chromedriver.exe might not be compatible with the detected chrome version (144.0.7559.133); currently, chromedriver 144.0.7559.133 is recommended for chrome 144.*, so it is advised to delete the driver in PATH and retry</msg>
</errors>
</robot>
